<?xml version="1.0" encoding="utf-8"?><testsuites name="pytest tests"><testsuite name="pytest" errors="0" failures="0" skipped="0" tests="41" time="0.850" timestamp="2026-04-13T14:06:34.405567+00:00" hostname="agent-env-33b5141b-c4f0-4d63-b740-5a43a3fe6f13"><testcase classname="tests.test_app.TestAuthentication" name="test_landing_page_shows_login" time="0.013" /><testcase classname="tests.test_app.TestAuthentication" name="test_wrong_password_rejected" time="0.003" /><testcase classname="tests.test_app.TestAuthentication" name="test_correct_password_redirects" time="0.004" /><testcase classname="tests.test_app.TestAuthentication" name="test_dashboard_requires_auth" time="0.003" /><testcase classname="tests.test_app.TestAuthentication" name="test_api_requires_auth" time="0.003" /><testcase classname="tests.test_app.TestAuthentication" name="test_logout_clears_session" time="0.006" /><testcase classname="tests.test_app.TestAuthentication" name="test_authenticated_user_redirected_from_login" time="0.005" /><testcase classname="tests.test_app.TestDashboard" name="test_dashboard_renders" time="0.014" /><testcase classname="tests.test_app.TestDashboard" name="test_dashboard_shows_stats" time="0.006" /><testcase classname="tests.test_app.TestVariantCRUD" name="test_create_variant" time="0.006" /><testcase classname="tests.test_app.TestVariantCRUD" name="test_create_variant_with_mcp_tools" time="0.007" /><testcase classname="tests.test_app.TestVariantCRUD" name="test_create_variant_with_rag" time="0.006" /><testcase classname="tests.test_app.TestVariantCRUD" name="test_view_variant" time="0.014" /><testcase classname="tests.test_app.TestVariantCRUD" name="test_edit_variant" time="0.008" /><testcase classname="tests.test_app.TestVariantCRUD" name="test_delete_variant" time="0.007" /><testcase classname="tests.test_app.TestVariantCRUD" name="test_variant_not_found" time="0.004" /><testcase classname="tests.test_app.TestVariantLifecycle" name="test_activate_variant" time="0.008" /><testcase classname="tests.test_app.TestVariantLifecycle" name="test_deploy_variant" time="0.009" /><testcase classname="tests.test_app.TestVariantLifecycle" name="test_deactivate_variant" time="0.009" /><testcase classname="tests.test_app.TestVariantLifecycle" name="test_full_lifecycle" time="0.015" /><testcase classname="tests.test_app.TestCentralState" name="test_empty_state" time="0.005" /><testcase classname="tests.test_app.TestCentralState" name="test_state_with_variants" time="0.011" /><testcase classname="tests.test_app.TestCentralState" name="test_list_variants_api" time="0.008" /><testcase classname="tests.test_app.TestEdgeCases" name="test_delete_nonexistent_variant" time="0.005" /><testcase classname="tests.test_app.TestEdgeCases" name="test_activate_nonexistent_variant" time="0.005" /><testcase classname="tests.test_app.TestEdgeCases" name="test_update_nonexistent_variant" time="0.004" /><testcase classname="tests.test_app.TestEdgeCases" name="test_edit_form_nonexistent" time="0.005" /><testcase classname="tests.test_env_and_paths" name="test_app_password_loaded_from_real_env_file" time="0.000" /><testcase classname="tests.test_env_and_paths" name="test_auth_accepts_password_from_environment_value" time="0.002" /><testcase classname="tests.test_env_and_paths" name="test_template_and_static_use_stable_project_paths" time="0.000" /><testcase classname="tests.test_env_and_paths" name="test_state_module_can_import_without_preloaded_env_vars" time="0.208" /><testcase classname="tests.test_persistence_and_versioning" name="test_mongo_env_values_are_available" time="0.002" /><testcase classname="tests.test_persistence_and_versioning" name="test_variants_and_sessions_persist_across_state_instances" time="0.006" /><testcase classname="tests.test_persistence_and_versioning" name="test_app_meta_is_public_and_uses_current_version" time="0.003" /><testcase classname="tests.test_persistence_and_versioning" name="test_health_endpoint_is_public_and_reports_ok" time="0.003" /><testcase classname="tests.test_persistence_and_versioning" name="test_dashboard_snapshot_requires_auth_and_returns_live_data" time="0.009" /><testcase classname="tests.test_persistence_and_versioning" name="test_variant_snapshot_requires_auth_and_returns_live_data" time="0.009" /><testcase classname="tests.test_persistence_and_versioning" name="test_authenticated_pages_render_sync_status_panel" time="0.020" /><testcase classname="tests.test_persistence_regression" name="test_session_persists_across_client_instances" time="0.009" /><testcase classname="tests.test_persistence_regression" name="test_mission_log_persists_when_reloading_state_instance" time="0.008" /><testcase classname="tests.test_persistence_regression" name="test_dashboard_snapshot_contains_live_state_and_version" time="0.009" /></testsuite></testsuites>