<?xml version="1.0" encoding="utf-8"?><testsuites name="pytest tests"><testsuite name="pytest" errors="0" failures="0" skipped="0" tests="3" time="0.692" timestamp="2026-04-13T14:06:33.366432+00:00" hostname="agent-env-33b5141b-c4f0-4d63-b740-5a43a3fe6f13"><testcase classname="backend.tests.test_deployment_health" name="test_health_endpoint_is_public_and_returns_200" time="0.180" /><testcase classname="backend.tests.test_deployment_health" name="test_public_root_loads_without_auth_redirect_loop" time="0.118" /><testcase classname="backend.tests.test_deployment_health" name="test_backend_app_import_and_startup_surface" time="0.095" /></testsuite></testsuites>